[20/Apr/2018:16:20:03]  hello there
[20/Apr/2018:16:20:03] ENGINE Listening for SIGTERM.
[20/Apr/2018:16:20:03] ENGINE Bus STARTING
[20/Apr/2018:16:20:03] ENGINE Set handler for console events.
[20/Apr/2018:16:20:03] ENGINE Started monitor thread 'Autoreloader'.
[20/Apr/2018:16:20:03] ENGINE Serving on http://0.0.0.0:5000
[20/Apr/2018:16:20:03] ENGINE Bus STARTED
[20/Apr/2018:16:38:03]  hello there
[20/Apr/2018:16:38:03] ENGINE Listening for SIGTERM.
[20/Apr/2018:16:38:03] ENGINE Bus STARTING
[20/Apr/2018:16:38:03] ENGINE Set handler for console events.
[20/Apr/2018:16:38:03] ENGINE Started monitor thread 'Autoreloader'.
[20/Apr/2018:16:38:04] ENGINE Serving on http://0.0.0.0:5000
[20/Apr/2018:16:38:04] ENGINE Bus STARTED
[20/Apr/2018:16:38:59]  hello there
[20/Apr/2018:16:38:59] ENGINE Listening for SIGTERM.
[20/Apr/2018:16:38:59] ENGINE Bus STARTING
[20/Apr/2018:16:38:59] ENGINE Set handler for console events.
[20/Apr/2018:16:38:59] ENGINE Started monitor thread 'Autoreloader'.
[20/Apr/2018:16:39:00] ENGINE Serving on http://127.0.0.1:5000
[20/Apr/2018:16:39:00] ENGINE Bus STARTED
[20/Apr/2018:16:41:22]  hello there
[20/Apr/2018:16:41:22] ENGINE Listening for SIGTERM.
[20/Apr/2018:16:41:22] ENGINE Bus STARTING
[20/Apr/2018:16:41:22] ENGINE Set handler for console events.
[20/Apr/2018:16:41:22] ENGINE Started monitor thread 'Autoreloader'.
[20/Apr/2018:16:41:22] ENGINE Serving on http://127.0.0.1:5000
[20/Apr/2018:16:41:22] ENGINE Bus STARTED
[20/Apr/2018:16:42:21]  hello there
[20/Apr/2018:16:42:21] ENGINE Listening for SIGTERM.
[20/Apr/2018:16:42:21] ENGINE Bus STARTING
[20/Apr/2018:16:42:21] ENGINE Set handler for console events.
[20/Apr/2018:16:42:21] ENGINE Started monitor thread 'Autoreloader'.
[20/Apr/2018:16:42:21] ENGINE Serving on http://127.0.0.1:5000
[20/Apr/2018:16:42:21] ENGINE Bus STARTED
127.0.0.1 - - [20/Apr/2018:18:28:22] "GET /hi/ HTTP/1.1" 200 12 "" "Mozilla/5.0 (Windows NT 10.0; Win64; x64) AppleWebKit/537.36 (KHTML, like Gecko) Chrome/66.0.3359.117 Safari/537.36"
127.0.0.1 - - [20/Apr/2018:18:28:52] "GET /hi/ HTTP/1.1" 200 12 "" "Mozilla/5.0 (Windows NT 10.0; Win64; x64) AppleWebKit/537.36 (KHTML, like Gecko) Chrome/66.0.3359.117 Safari/537.36"
